1751459620,,,/home/loaay/personal/courses/git/Learn Git - The Full Course [rH3zE7VlIMs].mp4,91
1751459640,,,/home/loaay/personal/courses/core_dumped/8.HOW TRANSISTORS REMEMBER DATA [rM9BjciBLmg].mp4,103
1751459645,,,/home/loaay/personal/courses/git/Learn Git - The Full Course [rH3zE7VlIMs].mp4,91
1751459721,,,/home/loaay/personal/courses/git/Learn Git - The Full Course [rH3zE7VlIMs].mp4,91
1751459721,,,/home/loaay/personal/courses/git/Learn Git - The Full Course [rH3zE7VlIMs].mp4,91
1751459742,,,/home/loaay/personal/courses/core_dumped/8.HOW TRANSISTORS REMEMBER DATA [rM9BjciBLmg].mp4,103
1751459790,,,/home/loaay/personal/courses/git/Learn Git - The Full Course [rH3zE7VlIMs].mp4,91
1751459805,,,/home/loaay/personal/courses/git/Learn Git - The Full Course [rH3zE7VlIMs].mp4,91
1751459829,,,/home/loaay/personal/courses/git/Learn Git - The Full Course [rH3zE7VlIMs].mp4,91
1751459883,,,/home/loaay/personal/courses/git/Learn Git - The Full Course [rH3zE7VlIMs].mp4,91
1751459895,,,/home/loaay/personal/courses/git/Learn Git - The Full Course [rH3zE7VlIMs].mp4,91
1751459906,,,/home/loaay/personal/courses/git/Learn Git - The Full Course [rH3zE7VlIMs].mp4,91
1751459956,,,/home/loaay/personal/courses/git/Learn Git - The Full Course [rH3zE7VlIMs].mp4,91
1751460024,,,/home/loaay/personal/courses/git/Learn Git - The Full Course [rH3zE7VlIMs].mp4,91
1751460029,,,/home/loaay/personal/courses/git/Learn Git - The Full Course [rH3zE7VlIMs].mp4,91
1751460150,,,/home/loaay/personal/courses/core_dumped/8.HOW TRANSISTORS REMEMBER DATA [rM9BjciBLmg].mp4,103
1751460151,,,/home/loaay/personal/courses/core_dumped/7.HOW TRANSISTORS RUN CODE๏ผ [HjneAhCy2N4].mp4,101
1751460152,,,/home/loaay/personal/courses/core_dumped/8.HOW TRANSISTORS REMEMBER DATA [rM9BjciBLmg].mp4,103
1751460153,,,/home/loaay/personal/courses/core_dumped/7.HOW TRANSISTORS RUN CODE๏ผ [HjneAhCy2N4].mp4,101
1751460154,,,/home/loaay/personal/courses/core_dumped/8.HOW TRANSISTORS REMEMBER DATA [rM9BjciBLmg].mp4,103
1751460155,,,/home/loaay/personal/courses/core_dumped/7.HOW TRANSISTORS RUN CODE๏ผ [HjneAhCy2N4].mp4,101
1751460205,,,/home/loaay/personal/courses/git/Learn Git - The Full Course [rH3zE7VlIMs].mp4,91
1751460209,,,/home/loaay/personal/courses/git/Learn Git - The Full Course [rH3zE7VlIMs].mp4,91
1751460431,,,/home/loaay/personal/courses/git/Learn Git - The Full Course [rH3zE7VlIMs].mp4,91
1751460450,,,/home/loaay/personal/courses/git/Learn Git - The Full Course [rH3zE7VlIMs].mp4,91
1751460554,,,/home/loaay/personal/courses/git/Learn Git - The Full Course [rH3zE7VlIMs].mp4,91
1751460598,,,/home/loaay/personal/courses/git/Learn Git - The Full Course [rH3zE7VlIMs].mp4,91
1751460617,,,/home/loaay/personal/courses/git/Learn Git - The Full Course [rH3zE7VlIMs].mp4,91
1751460706,,,/home/loaay/personal/courses/web/0.HTML & CSS Full Course - Beginner to Pro [G3e-cpL7ofc].mp4,106
1751460734,,,/home/loaay/personal/courses/core_dumped/7.HOW TRANSISTORS RUN CODE๏ผ [HjneAhCy2N4].mp4,101
1751460741,,,/home/loaay/personal/courses/core_dumped/6.CONCURRENCY IS NOT WHAT YOU THINK [3X93PnKRNUo].mp4,107
1751460756,,,/home/loaay/personal/courses/git/Learn Git - The Full Course [rH3zE7VlIMs].mp4,91
1751460868,,,/home/loaay/personal/courses/git/Learn Git - The Full Course [rH3zE7VlIMs].mp4,91
1751460889,,,/home/loaay/personal/courses/git/Learn Git - The Full Course [rH3zE7VlIMs].mp4,91
1751460940,,,/home/loaay/personal/courses/git/Learn Git - The Full Course [rH3zE7VlIMs].mp4,91
1751460968,122,MPV | ุฃูุถู ูุดุบู ููุฏูู ุนูู ููููุณ ููููุฏูุฒ ููุงู - ุถุจุท ูุชุฎุตูุต ูุงูู ููุชุทุจูู,https://youtu.be/t3IqyWNOdPg,166
1751460998,122,MPV | ุฃูุถู ูุดุบู ููุฏูู ุนูู ููููุณ ููููุฏูุฒ ููุงู - ุถุจุท ูุชุฎุตูุต ูุงูู ููุชุทุจูู,https://youtu.be/t3IqyWNOdPg,166
1751461031,122,MPV | ุฃูุถู ูุดุบู ููุฏูู ุนูู ููููุณ ููููุฏูุฒ ููุงู - ุถุจุท ูุชุฎุตูุต ูุงูู ููุชุทุจูู,https://youtu.be/t3IqyWNOdPg,166
1751461346,,,/home/loaay/personal/courses/git/Learn Git - The Full Course [rH3zE7VlIMs].mp4,91
1751461616,,,/home/loaay/personal/courses/web/0.HTML & CSS Full Course - Beginner to Pro [G3e-cpL7ofc].mp4,106
1751461757,,,/home/loaay/personal/courses/git/Learn Git - The Full Course [rH3zE7VlIMs].mp4,91
1751461776,,,/home/loaay/personal/courses/git/Learn Git - The Full Course [rH3zE7VlIMs].mp4,91
1751461788,,,/home/loaay/personal/courses/git/Learn Git - The Full Course [rH3zE7VlIMs].mp4,91
1751461794,,,/home/loaay/personal/courses/git/Learn Git - The Full Course [rH3zE7VlIMs].mp4,91
1751462992,,,/home/loaay/personal/courses/cp/#03 [STL] - Vector Part 3 [4om6SL_cF50].mp4,88
1751463001,,,/home/loaay/personal/courses/cp/#08 [STL] - Set [Yg7dpbXhhlY].mp4,78
1751463025,,,/home/loaay/personal/courses/cp/#09 [STL] - Map Part 1 [cQ5psV2P2iU].mp4,85
1751463026,,,/home/loaay/personal/courses/cp/#10 [STL] - Map Part 2 [rWnu4r8fubk].mp4,85
1751463027,,,/home/loaay/personal/courses/cp/#09 [STL] - Map Part 1 [cQ5psV2P2iU].mp4,85
1751463027,,,/home/loaay/personal/courses/cp/#08 [STL] - Set [Yg7dpbXhhlY].mp4,78
1751463027,,,/home/loaay/personal/courses/cp/#07 [STL] - Pair [ucQnEO0MSSs].mp4,79
1751463028,,,/home/loaay/personal/courses/cp/#06 [STL] - Forward List [hp7BCTdEDFs].mp4,87
1751463028,,,/home/loaay/personal/courses/cp/#05 [STL] - List [U2oXdm4PfeQ].mp4,79
1751463028,,,/home/loaay/personal/courses/cp/#04 [STL] - Deque [PPFhtX23oXc].mp4,80
1751463028,,,/home/loaay/personal/courses/cp/#03 [STL] - Vector Part 3 [4om6SL_cF50].mp4,88
1751463029,,,/home/loaay/personal/courses/cp/#02 [STL] - Vector Part 2 [4b3Glt6zWY4].mp4,88
1751463029,,,/home/loaay/personal/courses/cp/#01 [STL] - Vector Part 1 [AMnultLTdlI].mp4,88
1751463030,,,/home/loaay/personal/courses/cp/#00 [STL] - Introduction To Standard Template Library [4hhz69S15wU].mp4,116
1751463258,,,/home/loaay/personal/courses/cp/#01 [STL] - Vector Part 1 [AMnultLTdlI].mp4,88
1751463259,,,/home/loaay/personal/courses/cp/#02 [STL] - Vector Part 2 [4b3Glt6zWY4].mp4,88
1751463260,,,/home/loaay/personal/courses/cp/#01 [STL] - Vector Part 1 [AMnultLTdlI].mp4,88
1751463260,,,/home/loaay/personal/courses/cp/#00 [STL] - Introduction To Standard Template Library [4hhz69S15wU].mp4,116
1751463260,,,/home/loaay/personal/courses/cp/#01 [STL] - Vector Part 1 [AMnultLTdlI].mp4,88
1751463370,,,/home/loaay/personal/courses/cp/#02 [STL] - Vector Part 2 [4b3Glt6zWY4].mp4,88
1751463371,,,/home/loaay/personal/courses/cp/#03 [STL] - Vector Part 3 [4om6SL_cF50].mp4,88
1751463372,,,/home/loaay/personal/courses/cp/#02 [STL] - Vector Part 2 [4b3Glt6zWY4].mp4,88
1751463382,,,/home/loaay/personal/courses/cp/#06 [STL] - Forward List [hp7BCTdEDFs].mp4,87
1751465298,,,/home/loaay/personal/courses/cp/#07 [STL] - Pair [ucQnEO0MSSs].mp4,79
1751465299,,,/home/loaay/personal/courses/cp/#06 [STL] - Forward List [hp7BCTdEDFs].mp4,87
1751465311,,,/home/loaay/personal/deen/ุงูุณูุฑุฉ ุงููุจููุฉ/1. ุงูุณูุฑุฉ ุงููุจููุฉ -ุงูุฏุฑุณ ุงูุฃูู- ุงูุนุงูู ูุจู ุงูุฅุณูุงู(480P).mp4,166
1751465312,,,/home/loaay/personal/deen/ุงูุณูุฑุฉ ุงููุจููุฉ/2. ุงูุณูุฑุฉ ุงููุจููุฉ -ุงูุฏุฑุณ ุงูุซุงูู- ูููุฏ ุงููุจู ูุจุฏุงูุฉ ุดุจุงุจู(480P).mp4,177
1751465313,,,/home/loaay/personal/deen/ุงูุณูุฑุฉ ุงููุจููุฉ/3.1. ุณูุณูุฉ ุงูุณูุฑุฉ ุงููุจููุฉ -ุงูุฏุฑุณ ุงูุซุงูุซ ุงูุฌุฒุก ุงูุฃูู- ูุตู ุงููุจู ุตูู ุงููู ุนููู ูุณูู ูุฒูุงุฌู ูู ุงูุณูุฏุฉ ุฎุฏูุฌุฉ(480P).mp4,262
1751465313,,,/home/loaay/personal/deen/ุงูุณูุฑุฉ ุงููุจููุฉ/3.2. ุณูุณูุฉ ุงูุณูุฑุฉ ุงููุจููุฉ -ุงูุฏุฑุณ ุงูุซุงูุซ ุงูุฌุฒุก ุงูุซุงูู- ูุตู ุงููุจู ุตูู ุงููู ุนููู ูุณูู ูุฒูุงุฌู ูู ุงูุณูุฏุฉ ุฎุฏูุฌุฉ(480P).mp4,264
1751465314,,,/home/loaay/personal/deen/ุงูุณูุฑุฉ ุงููุจููุฉ/4. ุณูุณูุฉ ุงูุณูุฑุฉ ุงููุจููุฉ -ุงูุฏุฑุณ ุงูุฑุงุจุน- ูุฒูู ุงููุญู ุนูู ุงููุจู ูุงูุฏุนูุฉ ุงูุณุฑูุฉ ุจููุฉ(480P).mp4,219
1751465314,,,/home/loaay/personal/deen/ุงูุณูุฑุฉ ุงููุจููุฉ/3.2. ุณูุณูุฉ ุงูุณูุฑุฉ ุงููุจููุฉ -ุงูุฏุฑุณ ุงูุซุงูุซ ุงูุฌุฒุก ุงูุซุงูู- ูุตู ุงููุจู ุตูู ุงููู ุนููู ูุณูู ูุฒูุงุฌู ูู ุงูุณูุฏุฉ ุฎุฏูุฌุฉ(480P).mp4,264
1751465315,,,/home/loaay/personal/deen/ุงูุณูุฑุฉ ุงููุจููุฉ/4. ุณูุณูุฉ ุงูุณูุฑุฉ ุงููุจููุฉ -ุงูุฏุฑุณ ุงูุฑุงุจุน- ูุฒูู ุงููุญู ุนูู ุงููุจู ูุงูุฏุนูุฉ ุงูุณุฑูุฉ ุจููุฉ(480P).mp4,219
1751465316,,,/home/loaay/personal/deen/ุงูุณูุฑุฉ ุงููุจููุฉ/5. ุณูุณูุฉ ุงูุณูุฑุฉ ุงููุจููุฉ -ุงูุฏุฑุณ ุงูุฎุงูุณ- ุจุฏุงูุฉ ุงูุฌูุฑ ุจุงูุฏุนูุฉ(480P).mp4,181
1751465317,,,/home/loaay/personal/deen/ุงูุณูุฑุฉ ุงููุจููุฉ/6. ุณูุณูุฉ ุงูุณูุฑุฉ ุงููุจููุฉ -ุงูุฏุฑุณ ุงูุณุงุฏุณ- ุจุฏุงูุฉ ูุชุฑุฉ ุงุณุชุถุนุงู ุงููุณูููู ูู ููุฉ ูุงููุฌุฑุฉ ุฅูู ุงูุญุจุดุฉ(480P).mp4,243
1751465318,,,/home/loaay/personal/deen/ุงูุณูุฑุฉ ุงููุจููุฉ/5. ุณูุณูุฉ ุงูุณูุฑุฉ ุงููุจููุฉ -ุงูุฏุฑุณ ุงูุฎุงูุณ- ุจุฏุงูุฉ ุงูุฌูุฑ ุจุงูุฏุนูุฉ(480P).mp4,181
1751465318,,,/home/loaay/personal/deen/ุงูุณูุฑุฉ ุงููุจููุฉ/6. ุณูุณูุฉ ุงูุณูุฑุฉ ุงููุจููุฉ -ุงูุฏุฑุณ ุงูุณุงุฏุณ- ุจุฏุงูุฉ ูุชุฑุฉ ุงุณุชุถุนุงู ุงููุณูููู ูู ููุฉ ูุงููุฌุฑุฉ ุฅูู ุงูุญุจุดุฉ(480P).mp4,243
1751465319,,,/home/loaay/personal/deen/ุงูุณูุฑุฉ ุงููุจููุฉ/7. ุณูุณูุฉ ุงูุณูุฑุฉ ุงููุจููุฉ -ุงูุฏุฑุณ ุงูุณุงุจุน- ุฅุณูุงู ุนูุฑ ุจู ุงูุฎุทุงุจ ูููุงุฉ ุฃุจู ุทุงูุจ ุนู ุงููุจู(480P).mp4,223
1751465319,,,/home/loaay/personal/deen/ุงูุณูุฑุฉ ุงููุจููุฉ/8. ุณูุณูุฉ ุงูุณูุฑุฉ ุงููุจููุฉ -ุงูุฏุฑุณ ุงูุซุงูู- ุนุงู ุงูุญุฒู ูุฑุญูุฉ ุงููุจู ุตูู ุงููู ุนููู ูุณูู ุฅูู ุงูุทุงุฆู(480P).mp4,238
1751465319,,,/home/loaay/personal/deen/ุงูุณูุฑุฉ ุงููุจููุฉ/9. ุณูุณูุฉ ุงูุณูุฑุฉ ุงููุจููุฉ -ุงูุฏุฑุณ ุงูุชุงุณุน- ุฑุญูุฉ ุงูุฅุณุฑุงุก ูุงููุนุฑุงุฌ(480P).mp4,185
1751465361,,,/home/loaay/personal/deen/ุงูุณูุฑุฉ ุงููุจููุฉ/10. ุณูุณูุฉ ุงูุณูุฑุฉ ุงููุจููุฉ -ุงูุฏุฑุณ ุงูุนุงุดุฑ- ุงูุทูุงู ุนูู ุงููุจุงุฆู ูุจูุนุฉ ุงูุนูุจุฉ ุงูุฃููู(480P).mp4,217
1751466837,,,/home/loaay/personal/courses/git/Learn Git - The Full Course [rH3zE7VlIMs].mp4,91
1751467027,174,ุงูุชุนุงูู ุงูุงูุถู ูุน ุงูุฎูุงูุงุช ุจูู ุงูุฐูุฑ ูุงูุงูุซู - ูุชุงุจ ุฐููุฑ ูู ุงููุฑูุฎ ูุฅูุงุซ ูู ุงูุฒูุฑุฉ - ุฏูุจุงูููุงููู,https://www.youtube.com/watch?v=-xmNI_2gEuk&t=13s,239
1751468625,,,/home/loaay/personal/deen/3. Voice 086.m4a,55
1751470425,,,/home/loaay/personal/courses/cp/#00 [STL] - Introduction To Standard Template Library [4hhz69S15wU].mp4,116
1751470440,,,/home/loaay/personal/courses/cp/#07 [STL] - Pair [ucQnEO0MSSs].mp4,79
1751470444,,,/home/loaay/personal/courses/cp/#08 [STL] - Set [Yg7dpbXhhlY].mp4,78
1751470444,,,/home/loaay/personal/courses/cp/#07 [STL] - Pair [ucQnEO0MSSs].mp4,79
1751470445,,,/home/loaay/personal/courses/cp/#08 [STL] - Set [Yg7dpbXhhlY].mp4,78
1751470445,,,/home/loaay/personal/courses/cp/#07 [STL] - Pair [ucQnEO0MSSs].mp4,79
1751470445,,,/home/loaay/personal/courses/cp/#06 [STL] - Forward List [hp7BCTdEDFs].mp4,87
1751470445,,,/home/loaay/personal/courses/cp/#05 [STL] - List [U2oXdm4PfeQ].mp4,79
1751470446,,,/home/loaay/personal/courses/cp/#04 [STL] - Deque [PPFhtX23oXc].mp4,80
1751470449,,,/home/loaay/personal/courses/cp/#03 [STL] - Vector Part 3 [4om6SL_cF50].mp4,88
1751470450,,,/home/loaay/personal/courses/cp/#02 [STL] - Vector Part 2 [4b3Glt6zWY4].mp4,88
1751470505,,,/home/loaay/personal/deen/ุงูุณูุฑุฉ ุงููุจููุฉ/4. ุณูุณูุฉ ุงูุณูุฑุฉ ุงููุจููุฉ -ุงูุฏุฑุณ ุงูุฑุงุจุน- ูุฒูู ุงููุญู ุนูู ุงููุจู ูุงูุฏุนูุฉ ุงูุณุฑูุฉ ุจููุฉ(480P).mp4,219
1751470526,,,/home/loaay/personal/courses/git/Learn Git - The Full Course [rH3zE7VlIMs].mp4,91
1751471137,,,/home/loaay/personal/courses/cp/#03 [STL] - Vector Part 3 [4om6SL_cF50].mp4,88
1751471181,,,/mnt/sdc1/Tom and Jerry _ 1970_s Mega Episode _ Vol. 2 _ War(720P_HD).mp4,86
1751472262,102,ูุงูู 36 | ุณูุณูุฉ ุชุฐูู ุงูุนุจุงุฏุงุช - (1) ุงูุตูุงุฉ | ูุน ุฏ. ุฃุญูุฏ ุงูุนุฑุจู,/media/fun/dfLoaay data/4. Deen/shikh ahmed elarby/ูุงูู 36   ุณูุณูุฉ ุชุฐูู ุงูุนุจุงุฏุงุช - (1) ุงูุตูุงุฉ   ูุน ุฏ. ุฃุญูุฏ ุงูุนุฑุจู.mp4,275
1751472263,102,ูุงูู 37 | ุณูุณูุฉ ุชุฐูู ุงูุนุจุงุฏุงุช - (2) ุงููุฑุขู | ูุน ุฏ. ุฃุญูุฏ ุงูุนุฑุจู,/media/fun/dfLoaay data/4. Deen/shikh ahmed elarby/ูุงูู 37   ุณูุณูุฉ ุชุฐูู ุงูุนุจุงุฏุงุช - (2) ุงููุฑุขู   ูุน ุฏ. ุฃุญูุฏ ุงูุนุฑุจู.mp4,275
1751472264,102,ูุงูู 36 | ุณูุณูุฉ ุชุฐูู ุงูุนุจุงุฏุงุช - (1) ุงูุตูุงุฉ | ูุน ุฏ. ุฃุญูุฏ ุงูุนุฑุจู,/media/fun/dfLoaay data/4. Deen/shikh ahmed elarby/ูุงูู 36   ุณูุณูุฉ ุชุฐูู ุงูุนุจุงุฏุงุช - (1) ุงูุตูุงุฉ   ูุน ุฏ. ุฃุญูุฏ ุงูุนุฑุจู.mp4,275
1751472313,63,๐จ๐จ LIVE CODING MUSIC?????!!!!!! ๐จ๐จ 2025-07-02 19:05,https://www.youtube.com/watch?v=AnD2i-hOHUI,121
1751472378,63,๐จ๐จ LIVE CODING MUSIC?????!!!!!! ๐จ๐จ 2025-07-02 19:05,https://www.youtube.com/watch?v=AnD2i-hOHUI,121
1751472408,63,๐จ๐จ LIVE CODING MUSIC?????!!!!!! ๐จ๐จ 2025-07-02 19:05,https://www.youtube.com/watch?v=AnD2i-hOHUI,121
1751472482,102,ูุงูู 36 | ุณูุณูุฉ ุชุฐูู ุงูุนุจุงุฏุงุช - (1) ุงูุตูุงุฉ | ูุน ุฏ. ุฃุญูุฏ ุงูุนุฑุจู,/media/fun/dfLoaay data/4. Deen/shikh ahmed elarby/ูุงูู 36   ุณูุณูุฉ ุชุฐูู ุงูุนุจุงุฏุงุช - (1) ุงูุตูุงุฉ   ูุน ุฏ. ุฃุญูุฏ ุงูุนุฑุจู.mp4,275
1751472561,,,/mnt/sdc1/Tom and Jerry _ 1970_s Mega Episode _ Vol. 2 _ War(720P_HD).mp4,86
1751472570,,,/home/loaay/personal/courses/cp/#02 [STL] - Vector Part 2 [4b3Glt6zWY4].mp4,88
1751472580,102,ูุงูู 36 | ุณูุณูุฉ ุชุฐูู ุงูุนุจุงุฏุงุช - (1) ุงูุตูุงุฉ | ูุน ุฏ. ุฃุญูุฏ ุงูุนุฑุจู,/media/fun/dfLoaay data/4. Deen/shikh ahmed elarby/ูุงูู 36   ุณูุณูุฉ ุชุฐูู ุงูุนุจุงุฏุงุช - (1) ุงูุตูุงุฉ   ูุน ุฏ. ุฃุญูุฏ ุงูุนุฑุจู.mp4,275
1751472652,102,ูุงูู 37 | ุณูุณูุฉ ุชุฐูู ุงูุนุจุงุฏุงุช - (2) ุงููุฑุขู | ูุน ุฏ. ุฃุญูุฏ ุงูุนุฑุจู,/media/fun/dfLoaay data/4. Deen/shikh ahmed elarby/ูุงูู 37   ุณูุณูุฉ ุชุฐูู ุงูุนุจุงุฏุงุช - (2) ุงููุฑุขู   ูุน ุฏ. ุฃุญูุฏ ุงูุนุฑุจู.mp4,275
1751474562,102,ูุงูู 38 | ุณูุณูุฉ ุชุฐูู ุงูุนุจุงุฏุงุช - (3) ุงูุฏุนุงุก | ูุน ุฏ. ุฃุญูุฏ ุงูุนุฑุจู,/media/fun/dfLoaay data/4. Deen/shikh ahmed elarby/ูุงูู 38   ุณูุณูุฉ ุชุฐูู ุงูุนุจุงุฏุงุช - (3) ุงูุฏุนุงุก   ูุน ุฏ. ุฃุญูุฏ ุงูุนุฑุจู.mp4,275
1751474564,100,ูุงูู 42 | ุณูุณูุฉ ุชุฐูู ุงูุนุจุงุฏุงุช - (4) ุงูุฐูุฑ | ูุน ุฏ. ุฃุญูุฏ ุงูุนุฑุจู,/media/fun/dfLoaay data/4. Deen/shikh ahmed elarby/ูุงูู 42   ุณูุณูุฉ ุชุฐูู ุงูุนุจุงุฏุงุช - (4) ุงูุฐูุฑ   ูุน ุฏ. ุฃุญูุฏ ุงูุนุฑุจู.mp4,271
1751474593,102,ูุงูู 38 | ุณูุณูุฉ ุชุฐูู ุงูุนุจุงุฏุงุช - (3) ุงูุฏุนุงุก | ูุน ุฏ. ุฃุญูุฏ ุงูุนุฑุจู,/media/fun/dfLoaay data/4. Deen/shikh ahmed elarby/ูุงูู 38   ุณูุณูุฉ ุชุฐูู ุงูุนุจุงุฏุงุช - (3) ุงูุฏุนุงุก   ูุน ุฏ. ุฃุญูุฏ ุงูุนุฑุจู.mp4,275
1751474595,100,ูุงูู 42 | ุณูุณูุฉ ุชุฐูู ุงูุนุจุงุฏุงุช - (4) ุงูุฐูุฑ | ูุน ุฏ. ุฃุญูุฏ ุงูุนุฑุจู,/media/fun/dfLoaay data/4. Deen/shikh ahmed elarby/ูุงูู 42   ุณูุณูุฉ ุชุฐูู ุงูุนุจุงุฏุงุช - (4) ุงูุฐูุฑ   ูุน ุฏ. ุฃุญูุฏ ุงูุนุฑุจู.mp4,271
1751474600,102,ูุงูู 38 | ุณูุณูุฉ ุชุฐูู ุงูุนุจุงุฏุงุช - (3) ุงูุฏุนุงุก | ูุน ุฏ. ุฃุญูุฏ ุงูุนุฑุจู,/media/fun/dfLoaay data/4. Deen/shikh ahmed elarby/ูุงูู 38   ุณูุณูุฉ ุชุฐูู ุงูุนุจุงุฏุงุช - (3) ุงูุฏุนุงุก   ูุน ุฏ. ุฃุญูุฏ ุงูุนุฑุจู.mp4,275
1751474622,100,ูุงูู 42 | ุณูุณูุฉ ุชุฐูู ุงูุนุจุงุฏุงุช - (4) ุงูุฐูุฑ | ูุน ุฏ. ุฃุญูุฏ ุงูุนุฑุจู,/media/fun/dfLoaay data/4. Deen/shikh ahmed elarby/ูุงูู 42   ุณูุณูุฉ ุชุฐูู ุงูุนุจุงุฏุงุช - (4) ุงูุฐูุฑ   ูุน ุฏ. ุฃุญูุฏ ุงูุนุฑุจู.mp4,271
1751474640,102,ูุงูู 36 | ุณูุณูุฉ ุชุฐูู ุงูุนุจุงุฏุงุช - (1) ุงูุตูุงุฉ | ูุน ุฏ. ุฃุญูุฏ ุงูุนุฑุจู,/media/fun/dfLoaay data/4. Deen/shikh ahmed elarby/ูุงูู 36   ุณูุณูุฉ ุชุฐูู ุงูุนุจุงุฏุงุช - (1) ุงูุตูุงุฉ   ูุน ุฏ. ุฃุญูุฏ ุงูุนุฑุจู.mp4,275
1751474642,102,ูุงูู 37 | ุณูุณูุฉ ุชุฐูู ุงูุนุจุงุฏุงุช - (2) ุงููุฑุขู | ูุน ุฏ. ุฃุญูุฏ ุงูุนุฑุจู,/media/fun/dfLoaay data/4. Deen/shikh ahmed elarby/ูุงูู 37   ุณูุณูุฉ ุชุฐูู ุงูุนุจุงุฏุงุช - (2) ุงููุฑุขู   ูุน ุฏ. ุฃุญูุฏ ุงูุนุฑุจู.mp4,275
1751474643,102,ูุงูู 38 | ุณูุณูุฉ ุชุฐูู ุงูุนุจุงุฏุงุช - (3) ุงูุฏุนุงุก | ูุน ุฏ. ุฃุญูุฏ ุงูุนุฑุจู,/media/fun/dfLoaay data/4. Deen/shikh ahmed elarby/ูุงูู 38   ุณูุณูุฉ ุชุฐูู ุงูุนุจุงุฏุงุช - (3) ุงูุฏุนุงุก   ูุน ุฏ. ุฃุญูุฏ ุงูุนุฑุจู.mp4,275
1751474768,,,/home/loaay/personal/courses/core_dumped/6.CONCURRENCY IS NOT WHAT YOU THINK [3X93PnKRNUo].mp4,107
1751474776,102,ูุงูู 38 | ุณูุณูุฉ ุชุฐูู ุงูุนุจุงุฏุงุช - (3) ุงูุฏุนุงุก | ูุน ุฏ. ุฃุญูุฏ ุงูุนุฑุจู,/media/fun/dfLoaay data/4. Deen/shikh ahmed elarby/ูุงูู 38   ุณูุณูุฉ ุชุฐูู ุงูุนุจุงุฏุงุช - (3) ุงูุฏุนุงุก   ูุน ุฏ. ุฃุญูุฏ ุงูุนุฑุจู.mp4,275
1751474783,102,ูุงูู 36 | ุณูุณูุฉ ุชุฐูู ุงูุนุจุงุฏุงุช - (1) ุงูุตูุงุฉ | ูุน ุฏ. ุฃุญูุฏ ุงูุนุฑุจู,/media/fun/dfLoaay data/4. Deen/shikh ahmed elarby/ูุงูู 36   ุณูุณูุฉ ุชุฐูู ุงูุนุจุงุฏุงุช - (1) ุงูุตูุงุฉ   ูุน ุฏ. ุฃุญูุฏ ุงูุนุฑุจู.mp4,275
1751474788,102,ูุงูู 37 | ุณูุณูุฉ ุชุฐูู ุงูุนุจุงุฏุงุช - (2) ุงููุฑุขู | ูุน ุฏ. ุฃุญูุฏ ุงูุนุฑุจู,/media/fun/dfLoaay data/4. Deen/shikh ahmed elarby/ูุงูู 37   ุณูุณูุฉ ุชุฐูู ุงูุนุจุงุฏุงุช - (2) ุงููุฑุขู   ูุน ุฏ. ุฃุญูุฏ ุงูุนุฑุจู.mp4,275
1751474863,102,ูุงูู 36 | ุณูุณูุฉ ุชุฐูู ุงูุนุจุงุฏุงุช - (1) ุงูุตูุงุฉ | ูุน ุฏ. ุฃุญูุฏ ุงูุนุฑุจู,/media/fun/dfLoaay data/4. Deen/shikh ahmed elarby/ูุงูู 36   ุณูุณูุฉ ุชุฐูู ุงูุนุจุงุฏุงุช - (1) ุงูุตูุงุฉ   ูุน ุฏ. ุฃุญูุฏ ุงูุนุฑุจู.mp4,275
1751474867,102,ูุงูู 36 | ุณูุณูุฉ ุชุฐูู ุงูุนุจุงุฏุงุช - (1) ุงูุตูุงุฉ | ูุน ุฏ. ุฃุญูุฏ ุงูุนุฑุจู,/media/fun/dfLoaay data/4. Deen/shikh ahmed elarby/ูุงูู 36   ุณูุณูุฉ ุชุฐูู ุงูุนุจุงุฏุงุช - (1) ุงูุตูุงุฉ   ูุน ุฏ. ุฃุญูุฏ ุงูุนุฑุจู.mp4,275
1751474870,102,ูุงูู 36 | ุณูุณูุฉ ุชุฐูู ุงูุนุจุงุฏุงุช - (1) ุงูุตูุงุฉ | ูุน ุฏ. ุฃุญูุฏ ุงูุนุฑุจู,/media/fun/dfLoaay data/4. Deen/shikh ahmed elarby/ูุงูู 36   ุณูุณูุฉ ุชุฐูู ุงูุนุจุงุฏุงุช - (1) ุงูุตูุงุฉ   ูุน ุฏ. ุฃุญูุฏ ุงูุนุฑุจู.mp4,275
1751474952,102,ูุงูู 36 | ุณูุณูุฉ ุชุฐูู ุงูุนุจุงุฏุงุช - (1) ุงูุตูุงุฉ | ูุน ุฏ. ุฃุญูุฏ ุงูุนุฑุจู,/media/fun/dfLoaay data/4. Deen/shikh ahmed elarby/ูุงูู 36   ุณูุณูุฉ ุชุฐูู ุงูุนุจุงุฏุงุช - (1) ุงูุตูุงุฉ   ูุน ุฏ. ุฃุญูุฏ ุงูุนุฑุจู.mp4,275
1751475026,63,๐จ๐จ LIVE CODING MUSIC?????!!!!!! ๐จ๐จ 2025-07-02 19:50,https://www.youtube.com/watch?v=AnD2i-hOHUI,121
1751475201,63,๐จ๐จ LIVE CODING MUSIC?????!!!!!! ๐จ๐จ 2025-07-02 19:50,https://www.youtube.com/watch?v=AnD2i-hOHUI,121
1751475247,102,ูุงูู 36 | ุณูุณูุฉ ุชุฐูู ุงูุนุจุงุฏุงุช - (1) ุงูุตูุงุฉ | ูุน ุฏ. ุฃุญูุฏ ุงูุนุฑุจู,/media/fun/dfLoaay data/4. Deen/shikh ahmed elarby/ูุงูู 36   ุณูุณูุฉ ุชุฐูู ุงูุนุจุงุฏุงุช - (1) ุงูุตูุงุฉ   ูุน ุฏ. ุฃุญูุฏ ุงูุนุฑุจู.mp4,275
1751475262,63,๐จ๐จ LIVE CODING MUSIC?????!!!!!! ๐จ๐จ 2025-07-02 19:54,https://www.youtube.com/watch?v=AnD2i-hOHUI,121
1751475523,102,ูุงูู 36 | ุณูุณูุฉ ุชุฐูู ุงูุนุจุงุฏุงุช - (1) ุงูุตูุงุฉ | ูุน ุฏ. ุฃุญูุฏ ุงูุนุฑุจู,/media/fun/dfLoaay data/4. Deen/shikh ahmed elarby/ูุงูู 36   ุณูุณูุฉ ุชุฐูู ุงูุนุจุงุฏุงุช - (1) ุงูุตูุงุฉ   ูุน ุฏ. ุฃุญูุฏ ุงูุนุฑุจู.mp4,275
1751478954,,,/home/loaay/personal/courses/cp/#02 [STL] - Vector Part 2 [4b3Glt6zWY4].mp4,88
1751479205,102,ูุงูู 37 | ุณูุณูุฉ ุชุฐูู ุงูุนุจุงุฏุงุช - (2) ุงููุฑุขู | ูุน ุฏ. ุฃุญูุฏ ุงูุนุฑุจู,/media/fun/dfLoaay data/4. Deen/shikh ahmed elarby/ูุงูู 37   ุณูุณูุฉ ุชุฐูู ุงูุนุจุงุฏุงุช - (2) ุงููุฑุขู   ูุน ุฏ. ุฃุญูุฏ ุงูุนุฑุจู.mp4,275
1751479291,102,ูุงูู 38 | ุณูุณูุฉ ุชุฐูู ุงูุนุจุงุฏุงุช - (3) ุงูุฏุนุงุก | ูุน ุฏ. ุฃุญูุฏ ุงูุนุฑุจู,/media/fun/dfLoaay data/4. Deen/shikh ahmed elarby/ูุงูู 38   ุณูุณูุฉ ุชุฐูู ุงูุนุจุงุฏุงุช - (3) ุงูุฏุนุงุก   ูุน ุฏ. ุฃุญูุฏ ุงูุนุฑุจู.mp4,275
1751479299,100,ูุงูู 42 | ุณูุณูุฉ ุชุฐูู ุงูุนุจุงุฏุงุช - (4) ุงูุฐูุฑ | ูุน ุฏ. ุฃุญูุฏ ุงูุนุฑุจู,/media/fun/dfLoaay data/4. Deen/shikh ahmed elarby/ูุงูู 42   ุณูุณูุฉ ุชุฐูู ุงูุนุจุงุฏุงุช - (4) ุงูุฐูุฑ   ูุน ุฏ. ุฃุญูุฏ ุงูุนุฑุจู.mp4,271
1751479304,102,ูุงูู 38 | ุณูุณูุฉ ุชุฐูู ุงูุนุจุงุฏุงุช - (3) ุงูุฏุนุงุก | ูุน ุฏ. ุฃุญูุฏ ุงูุนุฑุจู,/media/fun/dfLoaay data/4. Deen/shikh ahmed elarby/ูุงูู 38   ุณูุณูุฉ ุชุฐูู ุงูุนุจุงุฏุงุช - (3) ุงูุฏุนุงุก   ูุน ุฏ. ุฃุญูุฏ ุงูุนุฑุจู.mp4,275
1751479306,102,ูุงูู 37 | ุณูุณูุฉ ุชุฐูู ุงูุนุจุงุฏุงุช - (2) ุงููุฑุขู | ูุน ุฏ. ุฃุญูุฏ ุงูุนุฑุจู,/media/fun/dfLoaay data/4. Deen/shikh ahmed elarby/ูุงูู 37   ุณูุณูุฉ ุชุฐูู ุงูุนุจุงุฏุงุช - (2) ุงููุฑุขู   ูุน ุฏ. ุฃุญูุฏ ุงูุนุฑุจู.mp4,275
1751479307,102,ูุงูู 36 | ุณูุณูุฉ ุชุฐูู ุงูุนุจุงุฏุงุช - (1) ุงูุตูุงุฉ | ูุน ุฏ. ุฃุญูุฏ ุงูุนุฑุจู,/media/fun/dfLoaay data/4. Deen/shikh ahmed elarby/ูุงูู 36   ุณูุณูุฉ ุชุฐูู ุงูุนุจุงุฏุงุช - (1) ุงูุตูุงุฉ   ูุน ุฏ. ุฃุญูุฏ ุงูุนุฑุจู.mp4,275
1751479308,102,ูุงูู 37 | ุณูุณูุฉ ุชุฐูู ุงูุนุจุงุฏุงุช - (2) ุงููุฑุขู | ูุน ุฏ. ุฃุญูุฏ ุงูุนุฑุจู,/media/fun/dfLoaay data/4. Deen/shikh ahmed elarby/ูุงูู 37   ุณูุณูุฉ ุชุฐูู ุงูุนุจุงุฏุงุช - (2) ุงููุฑุขู   ูุน ุฏ. ุฃุญูุฏ ุงูุนุฑุจู.mp4,275
1751479308,102,ูุงูู 38 | ุณูุณูุฉ ุชุฐูู ุงูุนุจุงุฏุงุช - (3) ุงูุฏุนุงุก | ูุน ุฏ. ุฃุญูุฏ ุงูุนุฑุจู,/media/fun/dfLoaay data/4. Deen/shikh ahmed elarby/ูุงูู 38   ุณูุณูุฉ ุชุฐูู ุงูุนุจุงุฏุงุช - (3) ุงูุฏุนุงุก   ูุน ุฏ. ุฃุญูุฏ ุงูุนุฑุจู.mp4,275
1751479376,,,/home/loaay/personal/courses/git/Learn Git - The Full Course [rH3zE7VlIMs].mp4,91
1751479386,102,ูุงูู 37 | ุณูุณูุฉ ุชุฐูู ุงูุนุจุงุฏุงุช - (2) ุงููุฑุขู | ูุน ุฏ. ุฃุญูุฏ ุงูุนุฑุจู,/media/fun/dfLoaay data/4. Deen/shikh ahmed elarby/ูุงูู 37   ุณูุณูุฉ ุชุฐูู ุงูุนุจุงุฏุงุช - (2) ุงููุฑุขู   ูุน ุฏ. ุฃุญูุฏ ุงูุนุฑุจู.mp4,275
1751479542,102,ูุงูู 37 | ุณูุณูุฉ ุชุฐูู ุงูุนุจุงุฏุงุช - (2) ุงููุฑุขู | ูุน ุฏ. ุฃุญูุฏ ุงูุนุฑุจู,/media/fun/dfLoaay data/4. Deen/shikh ahmed elarby/ูุงูู 37   ุณูุณูุฉ ุชุฐูู ุงูุนุจุงุฏุงุช - (2) ุงููุฑุขู   ูุน ุฏ. ุฃุญูุฏ ุงูุนุฑุจู.mp4,275
1751479579,96,๐จ๐จ Why OpenSource IS Pain Feat Adam Wathan (Creator of Tailwind) ๐จ๐จ 2025-07-02 21:06,https://youtu.be/AnD2i-hOHUI,139
1751479678,43,ูุงูู ุฎููู ูุทูู 2025-07-02 21:07,https://kick.com/hexawi,81
1751479865,102,ูุงูู 37 | ุณูุณูุฉ ุชุฐูู ุงูุนุจุงุฏุงุช - (2) ุงููุฑุขู | ูุน ุฏ. ุฃุญูุฏ ุงูุนุฑุจู,/media/fun/dfLoaay data/4. Deen/shikh ahmed elarby/ูุงูู 37   ุณูุณูุฉ ุชุฐูู ุงูุนุจุงุฏุงุช - (2) ุงููุฑุขู   ูุน ุฏ. ุฃุญูุฏ ุงูุนุฑุจู.mp4,275
1751479873,102,ูุงูู 36 | ุณูุณูุฉ ุชุฐูู ุงูุนุจุงุฏุงุช - (1) ุงูุตูุงุฉ | ูุน ุฏ. ุฃุญูุฏ ุงูุนุฑุจู,/media/fun/dfLoaay data/4. Deen/shikh ahmed elarby/ูุงูู 36   ุณูุณูุฉ ุชุฐูู ุงูุนุจุงุฏุงุช - (1) ุงูุตูุงุฉ   ูุน ุฏ. ุฃุญูุฏ ุงูุนุฑุจู.mp4,275
1751636516,,,/mnt/sdd5/Podcasts/ุฃุดูุฑ ูุจุฑูุฌ ุนุฑุจูุ ูู ูุฏุฑุณ ุงูุจุฑูุฌุฉ _  ุฃุณุงูุฉ ุงูุฒูุฑู(480P).mp4,128
1751636529,,,/mnt/sdd5/Private/screen recorded/YouTube/ุฃุฌูุฏ 3 ุชุทุจููุงุช ุฌูุนุชูุง ุฎุตูุตุง ูููู__ ----(360P).mp4,130
1751636534,,,/mnt/sdd5/Private/screen recorded/Screenrecorder-2022-02-14-20-52-30-89.mp4,88
1751636629,58,๏ปฟุณูุฑุฉ ุนุจุณ ุญุฏุฑ | ุงูุดูุฎ ูุงุณุฑ ุณูุงูุฉ,/mnt/sdd5/Studying/Quran/ูุงุณุฑ ุณูุงูุฉ/ุฌุฒุก ุนู/3. ุณูุฑุฉ ุนุจุณ ุญุฏุฑ _ ุงูุดูุฎ ูุงุณุฑ ุณูุงูุฉ(MP3_160K).mp3,202
1751636684,,,/mnt/sdd5/Studying/Video download/ุงูุฐูุงุก ุงูุฅุตุทูุงุนู.mp4,82
1751636691,,,/mnt/sdd5/Studying/Video download/videoplayback.mp4,64
1751649296,,,/mnt/sdd3/Loaay Skillz/zAmericanEnglish/ุงููุณุชูู ุงูุงูู/ุงูููุงุนุฏ/27. ุงูุญุฑุจ ุจูู ุงููุบูููู ู ุตุจูุงู ุงูุฌุฑุงูุฑ - ูุนูููุงุช ูุงูู ูุฑุฉ 24  ููุฑุณ ุชุนูู ููุงุนุฏ ุงููุบุฉ ุงูุงูุฌููุฒูุฉ(720P_HD).mp4,272
